ERC report (2026-04-09T16:30:06+0700, Encoding UTF8)

***** Sheet /
[pin_not_connected]: Pin not connected
    ; error
    @(8700 mils, 2500 mils): Symbol ESP1 Pin 5 [GPIO0, Bidirectional, Line]
[pin_not_connected]: Pin not connected
    ; error
    @(8700 mils, 2600 mils): Symbol ESP1 Pin 6 [GPIO1, Bidirectional, Line]
[pin_not_connected]: Pin not connected
    ; error
    @(8700 mils, 2700 mils): Symbol ESP1 Pin 7 [GPIO2, Bidirectional, Line]
[pin_not_connected]: Pin not connected
    ; error
    @(8700 mils, 2800 mils): Symbol ESP1 Pin 8 [GPIO3, Bidirectional, Line]
[pin_not_connected]: Pin not connected
    ; error
    @(8700 mils, 2900 mils): Symbol ESP1 Pin 9 [GPIO4, Bidirectional, Line]
[pin_not_connected]: Pin not connected
    ; error
    @(8700 mils, 3300 mils): Symbol ESP1 Pin 13 [GPIO8, Bidirectional, Line]
[pin_not_connected]: Pin not connected
    ; error
    @(8700 mils, 3400 mils): Symbol ESP1 Pin 14 [GPIO9, Bidirectional, Line]
[pin_not_connected]: Pin not connected
    ; error
    @(8700 mils, 3500 mils): Symbol ESP1 Pin 15 [GPIO10, Bidirectional, Line]
[pin_not_connected]: Pin not connected
    ; error
    @(8700 mils, 3600 mils): Symbol ESP1 Pin 16 [GPIO11, Bidirectional, Line]
[pin_not_connected]: Pin not connected
    ; error
    @(8700 mils, 3700 mils): Symbol ESP1 Pin 17 [GPIO12, Bidirectional, Line]
[pin_not_connected]: Pin not connected
    ; error
    @(8700 mils, 3800 mils): Symbol ESP1 Pin 18 [GPIO13, Bidirectional, Line]
[pin_not_connected]: Pin not connected
    ; error
    @(8700 mils, 3900 mils): Symbol ESP1 Pin 19 [GPIO14, Bidirectional, Line]
[pin_not_connected]: Pin not connected
    ; error
    @(8700 mils, 4000 mils): Symbol ESP1 Pin 23 [GPIO17, Bidirectional, Line]
[pin_not_connected]: Pin not connected
    ; error
    @(8700 mils, 4100 mils): Symbol ESP1 Pin 24 [GPIO18, Bidirectional, Line]
[pin_not_connected]: Pin not connected
    ; error
    @(9400 mils, 2200 mils): Symbol ESP1 Pin 55 [VDDA, Power input, Line]
[power_pin_not_driven]: Input Power pin not driven by any Output Power pins
    ; error
    @(9400 mils, 2200 mils): Symbol ESP1 Pin 55 [VDDA, Power input, Line]
[pin_not_connected]: Pin not connected
    ; error
    @(8700 mils, 4200 mils): Symbol ESP1 Pin 25 [GPIO19/USB_D-, Bidirectional, Line]
[pin_not_connected]: Pin not connected
    ; error
    @(8700 mils, 4300 mils): Symbol ESP1 Pin 26 [GPIO20/USB_D+, Bidirectional, Line]
[pin_not_connected]: Pin not connected
    ; error
    @(8700 mils, 4400 mils): Symbol ESP1 Pin 27 [GPIO21, Bidirectional, Line]
[pin_not_connected]: Pin not connected
    ; error
    @(9500 mils, 2200 mils): Symbol ESP1 Pin 2 [VDD3P3, Power input, Line]
[power_pin_not_driven]: Input Power pin not driven by any Output Power pins
    ; error
    @(9500 mils, 2200 mils): Symbol ESP1 Pin 2 [VDD3P3, Power input, Line]
[pin_not_connected]: Pin not connected
    ; error
    @(8700 mils, 4600 mils): Symbol ESP1 Pin 21 [XTAL_32K_P, Passive, Line]
[pin_not_connected]: Pin not connected
    ; error
    @(9600 mils, 2200 mils): Symbol ESP1 Pin 20 [VDD3P3_RTC, Power input, Line]
[power_pin_not_driven]: Input Power pin not driven by any Output Power pins
    ; error
    @(9600 mils, 2200 mils): Symbol ESP1 Pin 20 [VDD3P3_RTC, Power input, Line]
[pin_not_connected]: Pin not connected
    ; error
    @(8700 mils, 4700 mils): Symbol ESP1 Pin 22 [XTAL_32K_N, Passive, Line]
[pin_not_connected]: Pin not connected
    ; error
    @(8700 mils, 4800 mils): Symbol ESP1 Pin 54 [XTAL_P, Input, Line]
[pin_not_driven]: Input pin not driven by any Output pins
    ; error
    @(8700 mils, 4800 mils): Symbol ESP1 Pin 54 [XTAL_P, Input, Line]
[pin_not_connected]: Pin not connected
    ; error
    @(9700 mils, 2200 mils): Symbol ESP1 Pin 29 [VDD_SPI, Power input, Line]
[power_pin_not_driven]: Input Power pin not driven by any Output Power pins
    ; error
    @(9700 mils, 2200 mils): Symbol ESP1 Pin 29 [VDD_SPI, Power input, Line]
[pin_not_connected]: Pin not connected
    ; error
    @(8700 mils, 4900 mils): Symbol ESP1 Pin 53 [XTAL_N, Output, Line]
[pin_not_connected]: Pin not connected
    ; error
    @(10500 mils, 2500 mils): Symbol ESP1 Pin 28 [SPICS1, Bidirectional, Line]
[pin_not_connected]: Pin not connected
    ; error
    @(10500 mils, 2600 mils): Symbol ESP1 Pin 30 [SPIHD, Bidirectional, Line]
[pin_not_connected]: Pin not connected
    ; error
    @(10500 mils, 2700 mils): Symbol ESP1 Pin 31 [SPIWP, Bidirectional, Line]
[pin_not_connected]: Pin not connected
    ; error
    @(10500 mils, 2800 mils): Symbol ESP1 Pin 32 [SPICS0, Bidirectional, Line]
[pin_not_connected]: Pin not connected
    ; error
    @(10500 mils, 2900 mils): Symbol ESP1 Pin 33 [SPICLK, Bidirectional, Line]
[pin_not_connected]: Pin not connected
    ; error
    @(10500 mils, 3000 mils): Symbol ESP1 Pin 34 [SPIQ, Bidirectional, Line]
[pin_not_connected]: Pin not connected
    ; error
    @(10500 mils, 3100 mils): Symbol ESP1 Pin 35 [SPID, Bidirectional, Line]
[pin_not_connected]: Pin not connected
    ; error
    @(10500 mils, 3200 mils): Symbol ESP1 Pin 36 [SPICLK_N, Bidirectional, Line]
[pin_not_connected]: Pin not connected
    ; error
    @(10500 mils, 3300 mils): Symbol ESP1 Pin 37 [SPICLK_P, Bidirectional, Line]
[pin_not_connected]: Pin not connected
    ; error
    @(10500 mils, 3400 mils): Symbol ESP1 Pin 38 [GPIO33, Bidirectional, Line]
[pin_not_connected]: Pin not connected
    ; error
    @(10500 mils, 3500 mils): Symbol ESP1 Pin 39 [GPIO34, Bidirectional, Line]
[pin_not_connected]: Pin not connected
    ; error
    @(10500 mils, 3600 mils): Symbol ESP1 Pin 40 [GPIO35, Bidirectional, Line]
[pin_not_connected]: Pin not connected
    ; error
    @(10500 mils, 3700 mils): Symbol ESP1 Pin 41 [GPIO36, Bidirectional, Line]
[pin_not_connected]: Pin not connected
    ; error
    @(10500 mils, 3800 mils): Symbol ESP1 Pin 42 [GPIO37, Bidirectional, Line]
[pin_not_connected]: Pin not connected
    ; error
    @(10500 mils, 3900 mils): Symbol ESP1 Pin 43 [GPIO38, Bidirectional, Line]
[pin_not_connected]: Pin not connected
    ; error
    @(10500 mils, 4000 mils): Symbol ESP1 Pin 44 [MTCK, Bidirectional, Line]
[pin_not_connected]: Pin not connected
    ; error
    @(10500 mils, 4100 mils): Symbol ESP1 Pin 45 [MTDO, Bidirectional, Line]
[pin_not_connected]: Pin not connected
    ; error
    @(10500 mils, 4200 mils): Symbol ESP1 Pin 47 [MTDI, Bidirectional, Line]
[pin_not_connected]: Pin not connected
    ; error
    @(10500 mils, 4300 mils): Symbol ESP1 Pin 48 [MTMS, Bidirectional, Line]
[pin_not_connected]: Pin not connected
    ; error
    @(10500 mils, 4400 mils): Symbol ESP1 Pin 49 [U0TXD, Bidirectional, Line]
[pin_not_connected]: Pin not connected
    ; error
    @(10500 mils, 4500 mils): Symbol ESP1 Pin 50 [U0RXD, Bidirectional, Line]
[pin_not_connected]: Pin not connected
    ; error
    @(10500 mils, 4600 mils): Symbol ESP1 Pin 51 [GPIO45, Bidirectional, Line]
[pin_not_connected]: Pin not connected
    ; error
    @(10500 mils, 4700 mils): Symbol ESP1 Pin 52 [GPIO46, Bidirectional, Line]
[pin_not_connected]: Pin not connected
    ; error
    @(10500 mils, 4800 mils): Symbol ESP1 Pin 4 [CHIP_PU, Input, Line]
[pin_not_driven]: Input pin not driven by any Output pins
    ; error
    @(10500 mils, 4800 mils): Symbol ESP1 Pin 4 [CHIP_PU, Input, Line]
[pin_not_connected]: Pin not connected
    ; error
    @(10500 mils, 4900 mils): Symbol ESP1 Pin 1 [LNA_IN, Bidirectional, Line]
[duplicate_reference]: Duplicate items MK2

    ; error
    @(8250 mils, 4700 mils): Symbol MK2 [Microphone_Ultrasound]
    @(5700 mils, 3800 mils): Symbol MK2 [Microphone_Ultrasound]
[unannotated]: Item not annotated: INVBUF? (unit 1)
    ; error
    @(5600 mils, 4300 mils): Symbol INVBUF [74HC04]
[footprint_link_issues]: The current configuration does not include the footprint library ''.
    ; warning
    @(6550 mils, 3500 mils): Symbol P1808 [PCM1808PWR]
[lib_symbol_mismatch]: Symbol 'PCM1808PWR' doesn't match copy in library 'PCM1808'
    ; warning
    @(6550 mils, 3500 mils): Symbol P1808 [PCM1808PWR]
[footprint_link_issues]: The current configuration does not include the footprint library ''.
    ; warning
    @(5700 mils, 3750 mils): Symbol PCM1808 [PCM1808PWR]
[footprint_link_issues]: The current configuration does not include the footprint library 'TL072IDT'.
    ; warning
    @(7300 mils, 3950 mils): Symbol Op-amp1 [TL072IDT]
[footprint_link_issues]: The current configuration does not include the footprint library 'MAX9812LEXTT'.
    ; warning
    @(8800 mils, 3750 mils): Symbol U3 [MAX9812]
[footprint_link_issues]: The current configuration does not include the footprint library 'MAX9812LEXTT'.
    ; warning
    @(6800 mils, 2950 mils): Symbol M9812 [MAX9812]
[footprint_link_issues]: The current configuration does not include the footprint library 'TL072IDT'.
    ; warning
    @(6000 mils, 3950 mils): Symbol TL072IDT-1 [TL072IDT]

***** Sheet /Backup/
[pin_not_connected]: Pin not connected
    ; error
    @(2000 mils, 3050 mils): Symbol ESP32 Pin 28 [SPICS1, Bidirectional, Line]
[pin_not_connected]: Pin not connected
    ; error
    @(2000 mils, 3150 mils): Symbol ESP32 Pin 30 [SPIHD, Bidirectional, Line]
[pin_not_connected]: Pin not connected
    ; error
    @(2000 mils, 3250 mils): Symbol ESP32 Pin 31 [SPIWP, Bidirectional, Line]
[pin_not_connected]: Pin not connected
    ; error
    @(2000 mils, 3350 mils): Symbol ESP32 Pin 32 [SPICS0, Bidirectional, Line]
[pin_not_connected]: Pin not connected
    ; error
    @(2800 mils, 2750 mils): Symbol ESP32 Pin 29 [VDD_SPI, Power input, Line]
[power_pin_not_driven]: Input Power pin not driven by any Output Power pins
    ; error
    @(2800 mils, 2750 mils): Symbol ESP32 Pin 29 [VDD_SPI, Power input, Line]
[pin_not_connected]: Pin not connected
    ; error
    @(2000 mils, 3450 mils): Symbol ESP32 Pin 33 [SPICLK, Bidirectional, Line]
[pin_not_connected]: Pin not connected
    ; error
    @(2900 mils, 2750 mils): Symbol ESP32 Pin 20 [VDD3P3_RTC, Power input, Line]
[power_pin_not_driven]: Input Power pin not driven by any Output Power pins
    ; error
    @(2900 mils, 2750 mils): Symbol ESP32 Pin 20 [VDD3P3_RTC, Power input, Line]
[pin_not_connected]: Pin not connected
    ; error
    @(3000 mils, 2750 mils): Symbol ESP32 Pin 2 [VDD3P3, Power input, Line]
[power_pin_not_driven]: Input Power pin not driven by any Output Power pins
    ; error
    @(3000 mils, 2750 mils): Symbol ESP32 Pin 2 [VDD3P3, Power input, Line]
[pin_not_connected]: Pin not connected
    ; error
    @(2000 mils, 3550 mils): Symbol ESP32 Pin 34 [SPIQ, Bidirectional, Line]
[pin_not_connected]: Pin not connected
    ; error
    @(3100 mils, 2750 mils): Symbol ESP32 Pin 55 [VDDA, Power input, Line]
[power_pin_not_driven]: Input Power pin not driven by any Output Power pins
    ; error
    @(3100 mils, 2750 mils): Symbol ESP32 Pin 55 [VDDA, Power input, Line]
[pin_not_connected]: Pin not connected
    ; error
    @(2000 mils, 3650 mils): Symbol ESP32 Pin 35 [SPID, Bidirectional, Line]
[pin_not_connected]: Pin not connected
    ; error
    @(2000 mils, 3750 mils): Symbol ESP32 Pin 36 [SPICLK_N, Bidirectional, Line]
[pin_not_connected]: Pin not connected
    ; error
    @(2000 mils, 3850 mils): Symbol ESP32 Pin 37 [SPICLK_P, Bidirectional, Line]
[pin_not_connected]: Pin not connected
    ; error
    @(2000 mils, 3950 mils): Symbol ESP32 Pin 38 [GPIO33, Bidirectional, Line]
[pin_not_connected]: Pin not connected
    ; error
    @(2000 mils, 4050 mils): Symbol ESP32 Pin 39 [GPIO34, Bidirectional, Line]
[pin_not_connected]: Pin not connected
    ; error
    @(2000 mils, 4150 mils): Symbol ESP32 Pin 40 [GPIO35, Bidirectional, Line]
[pin_not_connected]: Pin not connected
    ; error
    @(2000 mils, 4250 mils): Symbol ESP32 Pin 41 [GPIO36, Bidirectional, Line]
[pin_not_connected]: Pin not connected
    ; error
    @(2000 mils, 4350 mils): Symbol ESP32 Pin 42 [GPIO37, Bidirectional, Line]
[pin_not_connected]: Pin not connected
    ; error
    @(3800 mils, 3050 mils): Symbol ESP32 Pin 5 [GPIO0, Bidirectional, Line]
[pin_not_connected]: Pin not connected
    ; error
    @(2000 mils, 4450 mils): Symbol ESP32 Pin 43 [GPIO38, Bidirectional, Line]
[pin_not_connected]: Pin not connected
    ; error
    @(3800 mils, 3150 mils): Symbol ESP32 Pin 6 [GPIO1, Bidirectional, Line]
[pin_not_connected]: Pin not connected
    ; error
    @(2000 mils, 4550 mils): Symbol ESP32 Pin 44 [MTCK, Bidirectional, Line]
[pin_not_connected]: Pin not connected
    ; error
    @(3800 mils, 3250 mils): Symbol ESP32 Pin 7 [GPIO2, Bidirectional, Line]
[pin_not_connected]: Pin not connected
    ; error
    @(2000 mils, 4650 mils): Symbol ESP32 Pin 45 [MTDO, Bidirectional, Line]
[pin_not_connected]: Pin not connected
    ; error
    @(3800 mils, 3350 mils): Symbol ESP32 Pin 8 [GPIO3, Bidirectional, Line]
[pin_not_connected]: Pin not connected
    ; error
    @(3800 mils, 3450 mils): Symbol ESP32 Pin 9 [GPIO4, Bidirectional, Line]
[pin_not_connected]: Pin not connected
    ; error
    @(2000 mils, 4750 mils): Symbol ESP32 Pin 47 [MTDI, Bidirectional, Line]
[pin_not_connected]: Pin not connected
    ; error
    @(2000 mils, 4850 mils): Symbol ESP32 Pin 48 [MTMS, Bidirectional, Line]
[pin_not_connected]: Pin not connected
    ; error
    @(2000 mils, 4950 mils): Symbol ESP32 Pin 49 [U0TXD, Bidirectional, Line]
[pin_not_connected]: Pin not connected
    ; error
    @(3800 mils, 3850 mils): Symbol ESP32 Pin 13 [GPIO8, Bidirectional, Line]
[pin_not_connected]: Pin not connected
    ; error
    @(2000 mils, 5050 mils): Symbol ESP32 Pin 50 [U0RXD, Bidirectional, Line]
[pin_not_connected]: Pin not connected
    ; error
    @(3800 mils, 3950 mils): Symbol ESP32 Pin 14 [GPIO9, Bidirectional, Line]
[pin_not_connected]: Pin not connected
    ; error
    @(2000 mils, 5150 mils): Symbol ESP32 Pin 51 [GPIO45, Bidirectional, Line]
[pin_not_connected]: Pin not connected
    ; error
    @(3800 mils, 4050 mils): Symbol ESP32 Pin 15 [GPIO10, Bidirectional, Line]
[pin_not_connected]: Pin not connected
    ; error
    @(2000 mils, 5250 mils): Symbol ESP32 Pin 52 [GPIO46, Bidirectional, Line]
[pin_not_connected]: Pin not connected
    ; error
    @(3800 mils, 4150 mils): Symbol ESP32 Pin 16 [GPIO11, Bidirectional, Line]
[pin_not_connected]: Pin not connected
    ; error
    @(3800 mils, 4250 mils): Symbol ESP32 Pin 17 [GPIO12, Bidirectional, Line]
[pin_not_connected]: Pin not connected
    ; error
    @(2000 mils, 5350 mils): Symbol ESP32 Pin 4 [CHIP_PU, Input, Line]
[pin_not_driven]: Input pin not driven by any Output pins
    ; error
    @(2000 mils, 5350 mils): Symbol ESP32 Pin 4 [CHIP_PU, Input, Line]
[missing_power_pin]: Symbol INVBUF1 has input power pins in units [ G ] that are not placed.
    ; error
    @(4900 mils, 3050 mils): Symbol INVBUF1 [74HC04]
[pin_not_connected]: Pin not connected
    ; error
    @(3800 mils, 4350 mils): Symbol ESP32 Pin 18 [GPIO13, Bidirectional, Line]
[pin_not_connected]: Pin not connected
    ; error
    @(2000 mils, 5450 mils): Symbol ESP32 Pin 1 [LNA_IN, Bidirectional, Line]
[pin_not_connected]: Pin not connected
    ; error
    @(3800 mils, 4450 mils): Symbol ESP32 Pin 19 [GPIO14, Bidirectional, Line]
[pin_not_connected]: Pin not connected
    ; error
    @(3800 mils, 4550 mils): Symbol ESP32 Pin 23 [GPIO17, Bidirectional, Line]
[pin_not_connected]: Pin not connected
    ; error
    @(3800 mils, 4650 mils): Symbol ESP32 Pin 24 [GPIO18, Bidirectional, Line]
[pin_not_connected]: Pin not connected
    ; error
    @(3800 mils, 4750 mils): Symbol ESP32 Pin 25 [GPIO19/USB_D-, Bidirectional, Line]
[pin_not_connected]: Pin not connected
    ; error
    @(3800 mils, 4850 mils): Symbol ESP32 Pin 26 [GPIO20/USB_D+, Bidirectional, Line]
[pin_not_connected]: Pin not connected
    ; error
    @(3800 mils, 4950 mils): Symbol ESP32 Pin 27 [GPIO21, Bidirectional, Line]
[pin_not_connected]: Pin not connected
    ; error
    @(3800 mils, 5150 mils): Symbol ESP32 Pin 21 [XTAL_32K_P, Passive, Line]
[pin_not_connected]: Pin not connected
    ; error
    @(3800 mils, 5250 mils): Symbol ESP32 Pin 22 [XTAL_32K_N, Passive, Line]
[pin_not_connected]: Pin not connected
    ; error
    @(3800 mils, 5350 mils): Symbol ESP32 Pin 54 [XTAL_P, Input, Line]
[pin_not_driven]: Input pin not driven by any Output pins
    ; error
    @(3800 mils, 5350 mils): Symbol ESP32 Pin 54 [XTAL_P, Input, Line]
[pin_not_connected]: Pin not connected
    ; error
    @(3800 mils, 5450 mils): Symbol ESP32 Pin 53 [XTAL_N, Output, Line]
[power_pin_not_driven]: Input Power pin not driven by any Output Power pins
    ; error
    @(5700 mils, 4850 mils): Symbol PCM1808 Pin 1 [VREF, Power input, Line]
[missing_power_pin]: Symbol Op-amp2 has input power pins in units [ C ] that are not placed.
    ; error
    @(7300 mils, 2800 mils): Symbol Op-amp2 [TL072]
[power_pin_not_driven]: Input Power pin not driven by any Output Power pins
    ; error
    @(6450 mils, 4650 mils): Symbol #PWR06 Pin 1 [Power input, Line]
[power_pin_not_driven]: Input Power pin not driven by any Output Power pins
    ; error
    @(7300 mils, 4250 mils): Symbol #PWR04 Pin 1 [Power input, Line]
[power_pin_not_driven]: Input Power pin not driven by any Output Power pins
    ; error
    @(9000 mils, 3450 mils): Symbol #PWR01 Pin 1 [Power input, Line]
[power_pin_not_driven]: Input Power pin not driven by any Output Power pins
    ; error
    @(8950 mils, 4250 mils): Symbol #PWR02 Pin 1 [Power input, Line]
[missing_input_pin]: Symbol INVBUF1 has input pins in units [ B, C, D, . ] that are not placed.
    ; warning
    @(4900 mils, 3050 mils): Symbol INVBUF1 [74HC04]
[missing_unit]: Symbol INVBUF1 has unplaced units [ B, C, D, . ]
    ; warning
    @(4900 mils, 3050 mils): Symbol INVBUF1 [74HC04]
[missing_input_pin]: Symbol Op-amp2 has input pins in units [ A ] that are not placed.
    ; warning
    @(7300 mils, 2800 mils): Symbol Op-amp2 [TL072]
[missing_unit]: Symbol Op-amp2 has unplaced units [ A, C ]
    ; warning
    @(7300 mils, 2800 mils): Symbol Op-amp2 [TL072]
[missing_input_pin]: Symbol Op-amp1 has input pins in units [ B ] that are not placed.
    ; warning
    @(7300 mils, 3950 mils): Symbol Op-amp1 [TL072IDT]
[missing_unit]: Symbol Op-amp1 has unplaced units [ B ]
    ; warning
    @(7300 mils, 3950 mils): Symbol Op-amp1 [TL072IDT]

***** Sheet /MAX9812/

***** Sheet /PJ313B/

***** Sheet /TCT4016R/

***** Sheet /TL072A/
[multiple_net_names]: Both PJ313BTIN and VOLDIVIN are attached to the same items; PJ313BTIN will be used in the netlist
    ; warning
    @(5100 mils, 4050 mils): Hierarchical Label 'PJ313BTIN'
    @(5100 mils, 4150 mils): Hierarchical Label 'VOLDIVIN'
[missing_input_pin]: Symbol TL072IDT-1 has input pins in units [ B ] that are not placed.
    ; warning
    @(6000 mils, 3950 mils): Symbol TL072IDT-1 [TL072IDT]
[missing_unit]: Symbol TL072IDT-1 has unplaced units [ B ]
    ; warning
    @(6000 mils, 3950 mils): Symbol TL072IDT-1 [TL072IDT]

***** Sheet /TL072B/
[missing_power_pin]: Symbol TL072IDT-2 has input power pins in units [ C ] that are not placed.
    ; error
    @(5200 mils, 3900 mils): Symbol TL072IDT-2 [TL072]
[missing_input_pin]: Symbol TL072IDT-2 has input pins in units [ A ] that are not placed.
    ; warning
    @(5200 mils, 3900 mils): Symbol TL072IDT-2 [TL072]
[missing_unit]: Symbol TL072IDT-2 has unplaced units [ A, C ]
    ; warning
    @(5200 mils, 3900 mils): Symbol TL072IDT-2 [TL072]

***** Sheet /OSC/
[missing_input_pin]: Symbol INVBUF has input pins in units [ B, C, D, . ] that are not placed.
    ; warning
    @(5600 mils, 4300 mils): Symbol INVBUF [74HC04]
[missing_unit]: Symbol INVBUF has unplaced units [ B, C, D, . ]
    ; warning
    @(5600 mils, 4300 mils): Symbol INVBUF [74HC04]

***** Sheet /VOLREGGND/
[multiple_net_names]: Both 5VIN and P18085VOUT are attached to the same items; 5VIN will be used in the netlist
    ; warning
    @(5600 mils, 5200 mils): Hierarchical Label '5VIN'
    @(6350 mils, 5200 mils): Hierarchical Label 'P18085VOUT'
[multiple_net_names]: Both 3V3IN and P18083V3OUT are attached to the same items; 3V3IN will be used in the netlist
    ; warning
    @(5600 mils, 5300 mils): Hierarchical Label '3V3IN'
    @(6350 mils, 5300 mils): Hierarchical Label 'P18083V3OUT'
[multiple_net_names]: Both GND and DGNDPIN are attached to the same items; GND will be used in the netlist
    ; warning
    @(5700 mils, 6050 mils): Symbol #PWR024 Pin 1 [Power input, Line]
    @(6400 mils, 5900 mils): Hierarchical Label 'DGNDPIN'

***** Sheet /VOLDIV/

 ** ERC messages: 145  Errors 122  Warnings 23
